<?xml version="1.0" encoding="UTF-8"?>
<!-- Generated by org.testng.reporters.JUnitReportReporter -->
<testsuite skipped="0" hostname="CBT-LAB-005" name="com.qspiders.KeyDriver" tests="1" failures="0" timestamp="24 Feb 2018 11:32:21 GMT" time="35.299" errors="0">
  <testcase name="controllerExecutor" time="35.299" classname="com.qspiders.KeyDriver"/>
</testsuite> <!-- com.qspiders.KeyDriver -->
